Case #1: 263033536 663033523
Case #2: 133343270 731343230
Case #3: 114524629 911524624
Case #4: 306755908 986755300
Case #5: 226988077 986282077
Case #6: 122934895 922931845
Case #7: 369689840 969684830
Case #8: 20426394 90426234
Case #9: 0 0
Case #10: 169848756 968841756
Case #11: 118355259 981355251
Case #12: 26438949 96432948
Case #13: 118298062 918128062
Case #14: 155662982 955612682
Case #15: 338536400 834536300
Case #16: 999999999 999999999
Case #17: 9099999 9999990
Case #18: 13524 51324
Case #19: 304349675 904345673
Case #20: 10 10
